
Showing logs for build [32mcb-kubecd-environment-pr-204-14-nds45-1[0m stage [32mfrom-build-pack[0m and container [32mstep-credential-initializer-4mjvq[0m
{"level":"info","ts":1587113336.8638406,"logger":"fallback-logger","caller":"logging/config.go:69","msg":"Fetch GitHub commit ID from kodata failed: open /var/run/ko/refs/heads/0.8.0-ns-support: no such file or directory"}
{"level":"info","ts":1587113336.8647022,"logger":"fallback-logger","caller":"creds-init/main.go:40","msg":"Credentials initialized."}

Showing logs for build [32mcb-kubecd-environment-pr-204-14-nds45-1[0m stage [32mfrom-build-pack[0m and container [32mstep-working-dir-initializer-8h8t6[0m
{"level":"info","ts":1587113338.2818437,"logger":"fallback-logger","caller":"logging/config.go:69","msg":"Fetch GitHub commit ID from kodata failed: open /var/run/ko/HEAD: no such file or directory"}
{"level":"info","ts":1587113338.2863913,"logger":"fallback-logger","caller":"bash/main.go:64","msg":"Successfully executed command \"sh -c mkdir -p /workspace/source\"; output "}

Showing logs for build [32mcb-kubecd-environment-pr-204-14-nds45-1[0m stage [32mfrom-build-pack[0m and container [32mstep-place-tools[0m

Showing logs for build [32mcb-kubecd-environment-pr-204-14-nds45-1[0m stage [32mfrom-build-pack[0m and container [32mstep-git-source-cb-kubecd-environment-pr-204-14-nds45-jwxgg[0m
{"level":"info","ts":1587113343.5318992,"logger":"fallback-logger","caller":"logging/config.go:69","msg":"Fetch GitHub commit ID from kodata failed: open /var/run/ko/refs/heads/0.8.0-ns-support: no such file or directory"}
{"level":"info","ts":1587113344.5662625,"logger":"fallback-logger","caller":"git/git.go:103","msg":"Successfully cloned https://github.com/cb-kubecd/environment-pr-204-14-boot-vault-gke-production.git @ master in path /workspace/source"}

Showing logs for build [32mcb-kubecd-environment-pr-204-14-nds45-1[0m stage [32mfrom-build-pack[0m and container [32mstep-git-merge[0m
Using SHAs from PULL_REFS=master:103257db97f7c97c6a734548c517ca728487f223,1:c428a58ec36bcdfbcc697ab4098b13617b9e24a8
DEBUG: LC_ALL=C JX_LOG_LEVEL=error git fetch origin --unshallow c428a58ec36bcdfbcc697ab4098b13617b9e24a8: 103257db97f7c97c6a734548c517ca728487f223:
DEBUG: ran git fetch --unshallow origin c428a58ec36bcdfbcc697ab4098b13617b9e24a8: 103257db97f7c97c6a734548c517ca728487f223: in 
DEBUG: LC_ALL=C JX_LOG_LEVEL=error git branch
DEBUG: JX_LOG_LEVEL=error LC_ALL=C git checkout master
DEBUG: ran git checkout master in 
DEBUG: LC_ALL=C JX_LOG_LEVEL=error git reset --hard 103257db97f7c97c6a734548c517ca728487f223
DEBUG: ran git reset --hard 103257db97f7c97c6a734548c517ca728487f223 in 
DEBUG: LC_ALL=C JX_LOG_LEVEL=error git clean -fd .
DEBUG: ran clean --force -d . in 
DEBUG: LC_ALL=C JX_LOG_LEVEL=error git merge c428a58ec36bcdfbcc697ab4098b13617b9e24a8
DEBUG: ran git merge c428a58ec36bcdfbcc697ab4098b13617b9e24a8 in 
DEBUG: LC_ALL=C JX_LOG_LEVEL=error git log --format=%H%x1f%an%x1f%ae%x1f%cn%x1f%ce%x1f%s%n%b%x1e 103257db97f7c97c6a734548c517ca728487f223..HEAD
Merged SHA c428a58ec36bcdfbcc697ab4098b13617b9e24a8 with commit message 'chore: Promote bdd-spring-1587112219 to version 0.0.1' into base branch master

Showing logs for build [32mcb-kubecd-environment-pr-204-14-nds45-1[0m stage [32mfrom-build-pack[0m and container [32mstep-build-helm-build[0m
WARNING: No $CHART_REPOSITORY defined so using the default value of: http://jenkins-x-chartmuseum:8080
Adding missing Helm repo: storage.googleapis.com https://storage.googleapis.com/chartmuseum.jenkins-x.io
WARNING: No secrets found on "helm/repos" due: reading the secret "helm/repos" from vault: no secret "helm/repos" not found in vault
Read credentials for https://storage.googleapis.com/chartmuseum.jenkins-x.io from vault helm/repos
Successfully added Helm repository storage.googleapis.com.
Adding missing Helm repo: jenkins-x-chartmuseum http://jenkins-x-chartmuseum:8080
WARNING: No secrets found on "helm/repos" due: reading the secret "helm/repos" from vault: no secret "helm/repos" not found in vault
Read credentials for http://jenkins-x-chartmuseum:8080 from vault helm/repos
Successfully added Helm repository jenkins-x-chartmuseum.
WARNING: No $CHART_REPOSITORY defined so using the default value of: http://jenkins-x-chartmuseum:8080
Adding missing Helm repo: chartmuseum.jenkins-x.io http://chartmuseum.jenkins-x.io
WARNING: No secrets found on "helm/repos" due: reading the secret "helm/repos" from vault: no secret "helm/repos" not found in vault
Read credentials for http://chartmuseum.jenkins-x.io from vault helm/repos
Successfully added Helm repository chartmuseum.jenkins-x.io.
